2017-11-07 19:57:24.141 [AWT-EventQueue-0] INFO  by.makedon.client.socket.ClientSocket - ClientSocket connected
2017-11-07 19:58:30.642 [AWT-EventQueue-0] ERROR makedon.client.view.searchelement.SearchButton - by.makedon.client.exception.WrongConnectionException: Stream haven't opened
2017-11-07 20:07:38.643 [AWT-EventQueue-0] INFO  by.makedon.client.socket.ClientSocket - ClientSocket connected
2017-11-07 20:12:25.694 [AWT-EventQueue-0] INFO  by.makedon.client.socket.ClientSocket - ClientSocket connected
2017-11-07 20:47:15.233 [AWT-EventQueue-0] INFO  by.makedon.client.socket.ClientSocket - ClientSocket connected
2017-11-07 21:22:39.725 [AWT-EventQueue-0] INFO  by.makedon.client.socket.ClientSocket - ClientSocket connected
2017-11-07 21:22:43.568 [AWT-EventQueue-0] ERROR makedon.client.view.searchelement.SearchButton - by.makedon.client.exception.WrongConnectionException: Stream haven't opened
2017-11-07 21:43:54.071 [AWT-EventQueue-0] INFO  by.makedon.client.socket.ClientSocket - ClientSocket connected
2017-11-07 21:44:23.051 [AWT-EventQueue-0] ERROR makedon.client.view.dialog.DisconnectionDialog - ClientSocket haven't connected yet
2017-11-07 21:46:47.443 [AWT-EventQueue-0] ERROR makedon.client.view.dialog.ConnectionDialog - by.makedon.client.exception.WrongConnectionException: Invalid ip: 
2017-11-07 21:49:43.569 [AWT-EventQueue-0] INFO  by.makedon.client.socket.ClientSocket - ClientSocket connected
2017-11-07 21:49:59.559 [AWT-EventQueue-0] ERROR makedon.client.view.dialog.ConnectionDialog - by.makedon.client.exception.WrongConnectionException: Tried to set connection when you have already connected
2017-11-08 13:32:29.473 [AWT-EventQueue-0] INFO  by.makedon.client.socket.ClientSocket - ClientSocket connected
2017-11-08 14:17:48.440 [AWT-EventQueue-0] ERROR makedon.client.view.dialog.SessionDialog - by.makedon.client.exception.WrongConnectionException: Client hasn't connected to Server
2017-11-08 14:19:53.502 [AWT-EventQueue-0] ERROR makedon.client.view.dialog.CheckDialog - by.makedon.client.exception.WrongConnectionException: Client hasn't connected to Server
2017-11-08 14:20:16.249 [AWT-EventQueue-0] ERROR makedon.client.view.dialog.CheckDialog - by.makedon.client.exception.WrongConnectionException: Client hasn't connected to Server
2017-11-08 14:20:19.327 [AWT-EventQueue-0] ERROR makedon.client.view.dialog.CheckDialog - by.makedon.client.exception.WrongConnectionException: Client hasn't connected to Server
2017-11-08 14:20:20.267 [AWT-EventQueue-0] ERROR makedon.client.view.dialog.CheckDialog - by.makedon.client.exception.WrongConnectionException: Client hasn't connected to Server
2017-11-08 14:20:21.081 [AWT-EventQueue-0] ERROR makedon.client.view.dialog.CheckDialog - by.makedon.client.exception.WrongConnectionException: Client hasn't connected to Server
2017-11-08 14:20:21.660 [AWT-EventQueue-0] ERROR makedon.client.view.dialog.CheckDialog - by.makedon.client.exception.WrongConnectionException: Client hasn't connected to Server
2017-11-08 14:25:53.555 [AWT-EventQueue-0] INFO  by.makedon.client.socket.ClientSocket - ClientSocket connected
2017-11-08 14:47:36.821 [AWT-EventQueue-0] INFO  by.makedon.client.socket.ClientSocket - ClientSocket connected
2017-11-08 14:50:09.551 [AWT-EventQueue-0] INFO  by.makedon.client.socket.ClientSocket - ClientSocket connected
2017-11-09 02:08:32.231 [AWT-EventQueue-0] INFO  by.makedon.client.socket.ClientSocket - ClientSocket connected
2017-11-09 02:17:00.439 [AWT-EventQueue-0] INFO  by.makedon.client.socket.ClientSocket - ClientSocket connected
2017-11-09 02:19:23.646 [AWT-EventQueue-0] INFO  by.makedon.client.socket.ClientSocket - ClientSocket connected
2017-11-09 02:22:29.148 [AWT-EventQueue-0] INFO  by.makedon.client.socket.ClientSocket - ClientSocket connected
2017-11-09 02:25:16.645 [AWT-EventQueue-0] INFO  by.makedon.client.socket.ClientSocket - ClientSocket connected
2017-11-09 02:28:06.886 [AWT-EventQueue-0] INFO  by.makedon.client.socket.ClientSocket - ClientSocket connected
2017-11-09 02:30:11.741 [AWT-EventQueue-0] INFO  by.makedon.client.socket.ClientSocket - ClientSocket connected
2017-11-09 02:32:07.955 [AWT-EventQueue-0] INFO  by.makedon.client.socket.ClientSocket - ClientSocket connected
2017-11-09 02:36:40.192 [AWT-EventQueue-0] INFO  by.makedon.client.socket.ClientSocket - ClientSocket connected
2017-11-09 02:37:59.959 [AWT-EventQueue-0] INFO  by.makedon.client.socket.ClientSocket - ClientSocket connected
2017-11-09 02:39:37.222 [AWT-EventQueue-0] ERROR makedon.client.view.dialog.ConnectionDialog - by.makedon.client.exception.WrongConnectionException: ClientSocket io exception
2017-11-09 02:39:41.283 [AWT-EventQueue-0] INFO  by.makedon.client.socket.ClientSocket - ClientSocket connected
2017-11-09 02:41:03.892 [AWT-EventQueue-0] ERROR makedon.client.view.dialog.ConnectionDialog - by.makedon.client.exception.WrongConnectionException: ClientSocket io exception
2017-11-09 02:41:10.155 [AWT-EventQueue-0] INFO  by.makedon.client.socket.ClientSocket - ClientSocket connected
2017-11-09 18:57:36.001 [AWT-EventQueue-0] ERROR makedon.client.view.dialog.CheckDialog - by.makedon.client.exception.WrongConnectionException: Client hasn't connected to Server
2017-11-09 18:58:14.434 [AWT-EventQueue-0] INFO  by.makedon.client.socket.ClientSocket - ClientSocket connected
2017-11-09 19:02:20.893 [AWT-EventQueue-0] INFO  by.makedon.client.socket.ClientSocket - ClientSocket connected
